<?xml version="1.0" encoding="UTF-8"?>
<!-- Generated by org.testng.reporters.JUnitReportReporter -->
<testsuite hostname="ORL-5097489-W1" name="com.fedex.clm.mma_capture.TestExecutor.MainExecutor" tests="1" failures="0" timestamp="12 Oct 2016 20:49:31 GMT" time="29.319" errors="0">
  <testcase name="Test_Set1" time="29.319" classname="com.fedex.clm.mma_capture.TestExecutor.MainExecutor"/>
</testsuite> <!-- com.fedex.clm.mma_capture.TestExecutor.MainExecutor -->
