<?xml version="1.0" encoding="UTF-8"?>
<!-- Generated by org.testng.reporters.JUnitReportReporter -->
<testsuite hostname="ORL-815722-W1" name="com.fedex.clm.mma_capture.TestExecutor.MainExecutor" tests="1" failures="0" timestamp="4 Oct 2016 20:41:00 GMT" time="2079.123" errors="0">
  <testcase name="Test_Set1" time="2079.123" classname="com.fedex.clm.mma_capture.TestExecutor.MainExecutor"/>
</testsuite> <!-- com.fedex.clm.mma_capture.TestExecutor.MainExecutor -->
